<?xml version="1.0" encoding="UTF-8"?>
<!-- Generated by org.testng.reporters.JUnitReportReporter -->
<testsuite hostname="DESKTOP-VV8P387" failures="0" tests="1" name="com.juaracoding.restassured.TestCRUD" time="2.811" errors="0" timestamp="2022-08-24T14:32:26 ICT" skipped="0">
  <testcase classname="com.juaracoding.restassured.TestCRUD" name="testPost" time="2.811"/>
  <system-out/>
</testsuite> <!-- com.juaracoding.restassured.TestCRUD -->
