<?xml version="1.0" encoding="UTF-8"?>
<!-- Generated by org.testng.reporters.JUnitReportReporter -->
<testsuite hostname="DESKTOP-VV8P387" failures="0" tests="1" name="com.juaracoding.restassured.TestCRUD" time="3.035" errors="0" timestamp="2022-08-25T11:00:18 ICT" skipped="0">
  <testcase classname="com.juaracoding.restassured.TestCRUD" name="testPatch" time="3.035"/>
  <system-out/>
</testsuite> <!-- com.juaracoding.restassured.TestCRUD -->
