<?xml version="1.0" encoding="UTF-8"?>
<!-- Generated by org.testng.reporters.JUnitReportReporter -->
<testsuite hostname="DESKTOP-VV8P387" failures="0" tests="2" name="com.juaracoding.restassured.TestGetAllUser" time="4.643" errors="0" timestamp="2022-08-24T10:29:00 ICT" skipped="0">
  <testcase classname="com.juaracoding.restassured.TestGetAllUser" name="testId" time="3.092"/>
  <system-out/>
  <testcase classname="com.juaracoding.restassured.TestGetAllUser" name="testStatusCode" time="1.551"/>
  <system-out/>
</testsuite> <!-- com.juaracoding.restassured.TestGetAllUser -->
