<?xml version="1.0" encoding="UTF-8"?>
<!-- Generated by org.testng.reporters.JUnitReportReporter -->
<testsuite hostname="DESKTOP-VV8P387" failures="0" tests="1" name="com.juaracoding.restassured.TestGet" time="3.959" errors="0" timestamp="2022-08-25T10:26:20 ICT" skipped="0">
  <testcase classname="com.juaracoding.restassured.TestGet" name="testId" time="3.959"/>
  <system-out/>
</testsuite> <!-- com.juaracoding.restassured.TestGet -->
