<?xml version="1.0" encoding="UTF-8"?>
<!-- Generated by org.testng.reporters.JUnitReportReporter -->
<testsuite hostname="DESKTOP-VV8P387" failures="0" tests="2" name="com.juaracoding.restassured.TestGet" time="3.516" errors="0" timestamp="2022-08-24T14:32:26 ICT" skipped="0">
  <testcase classname="com.juaracoding.restassured.TestGet" name="testId" time="1.960"/>
  <system-out/>
  <testcase classname="com.juaracoding.restassured.TestGet" name="testStatusCode" time="1.556"/>
  <system-out/>
</testsuite> <!-- com.juaracoding.restassured.TestGet -->
